<?xml version="1.0" encoding="UTF-8"?>
<!-- Generated by org.testng.reporters.JUnitReportReporter -->
<testsuite name="com.test.automation.UIAutomation.tests.UpdateRegisterdetailsTest" tests="5" time="798.679" ignored="0" failures="0" timestamp="27 Nov 2017 10:25:26 GMT" skipped="1" hostname="RIPLBRD50" errors="0">
  <testcase name="selectPriority" time="7.791" classname="com.test.automation.UIAutomation.tests.UpdateRegisterdetailsTest"/>
  <testcase name="login" time="0.001" classname="com.test.automation.UIAutomation.tests.UpdateRegisterdetailsTest">
    <skipped/>
  </testcase> <!-- login -->
  <testcase name="login" time="5.147" classname="com.test.automation.UIAutomation.tests.UpdateRegisterdetailsTest"/>
  <testcase name="selectColorByPriority" time="780.563" classname="com.test.automation.UIAutomation.tests.UpdateRegisterdetailsTest"/>
  <testcase name="SelectHeader" time="5.177" classname="com.test.automation.UIAutomation.tests.UpdateRegisterdetailsTest"/>
</testsuite> <!-- com.test.automation.UIAutomation.tests.UpdateRegisterdetailsTest -->
